<?xml version="1.0" encoding="UTF-8"?>
<testng-results ignored="0" total="2" passed="2" failed="0" skipped="0">
  <reporter-output>
  </reporter-output>
  <suite started-at="2022-09-24T22:00:41 EDT" name="Default suite" finished-at="2022-09-24T22:00:41 EDT" duration-ms="49">
    <groups>
    </groups>
    <test started-at="2022-09-24T22:00:41 EDT" name="Default test" finished-at="2022-09-24T22:00:41 EDT" duration-ms="49">
      <class name="selenium.Testing2">
        <test-method signature="test3()[pri:0, instance:selenium.Testing2@6bf0219d]" started-at="2022-09-24T22:00:41 EDT" name="test3" finished-at="2022-09-24T22:00:41 EDT" duration-ms="7" status="PASS">
          <reporter-output>
          </reporter-output>
        </test-method> <!-- test3 -->
        <test-method signature="test4()[pri:0, instance:selenium.Testing2@6bf0219d]" started-at="2022-09-24T22:00:41 EDT" name="test4" finished-at="2022-09-24T22:00:41 EDT" duration-ms="2" status="PASS">
          <reporter-output>
          </reporter-output>
        </test-method> <!-- test4 -->
      </class> <!-- selenium.Testing2 -->
    </test> <!-- Default test -->
  </suite> <!-- Default suite -->
</testng-results>
