<?xml version="1.0" encoding="UTF-8"?>
<testng-results ignored="0" total="4" passed="3" failed="1" skipped="0">
  <reporter-output>
  </reporter-output>
  <suite started-at="2022-09-24T22:24:42 EDT" name="Default suite" finished-at="2022-09-24T22:25:29 EDT" duration-ms="46481">
    <groups>
    </groups>
    <test started-at="2022-09-24T22:24:42 EDT" name="Default test" finished-at="2022-09-24T22:25:29 EDT" duration-ms="46481">
      <class name="tests.LoginTest">
        <test-method is-config="true" signature="beforeMethod()[pri:0, instance:tests.LoginTest@7dda48d9]" started-at="2022-09-24T22:24:42 EDT" name="beforeMethod" finished-at="2022-09-24T22:24:50 EDT" duration-ms="7703" status="PASS">
          <reporter-output>
          </reporter-output>
        </test-method> <!-- beforeMethod -->
        <test-method signature="loginEmailWithSpecailChar()[pri:1, instance:tests.LoginTest@7dda48d9]" started-at="2022-09-24T22:24:50 EDT" name="loginEmailWithSpecailChar" finished-at="2022-09-24T22:24:53 EDT" duration-ms="3636" status="PASS">
          <reporter-output>
          </reporter-output>
        </test-method> <!-- loginEmailWithSpecailChar -->
        <test-method is-config="true" signature="afterMethod()[pri:0, instance:tests.LoginTest@7dda48d9]" started-at="2022-09-24T22:24:53 EDT" name="afterMethod" finished-at="2022-09-24T22:24:54 EDT" duration-ms="914" status="PASS">
          <reporter-output>
          </reporter-output>
        </test-method> <!-- afterMethod -->
        <test-method is-config="true" signature="beforeMethod()[pri:0, instance:tests.LoginTest@7dda48d9]" started-at="2022-09-24T22:24:54 EDT" name="beforeMethod" finished-at="2022-09-24T22:25:02 EDT" duration-ms="7431" status="PASS">
          <reporter-output>
          </reporter-output>
        </test-method> <!-- beforeMethod -->
        <test-method signature="loginWithEmptyEmailTest()[pri:2, instance:tests.LoginTest@7dda48d9]" started-at="2022-09-24T22:25:02 EDT" name="loginWithEmptyEmailTest" finished-at="2022-09-24T22:25:05 EDT" duration-ms="3525" status="PASS">
          <reporter-output>
          </reporter-output>
        </test-method> <!-- loginWithEmptyEmailTest -->
        <test-method is-config="true" signature="afterMethod()[pri:0, instance:tests.LoginTest@7dda48d9]" started-at="2022-09-24T22:25:05 EDT" name="afterMethod" finished-at="2022-09-24T22:25:06 EDT" duration-ms="911" status="PASS">
          <reporter-output>
          </reporter-output>
        </test-method> <!-- afterMethod -->
        <test-method is-config="true" signature="beforeMethod()[pri:0, instance:tests.LoginTest@7dda48d9]" started-at="2022-09-24T22:25:06 EDT" name="beforeMethod" finished-at="2022-09-24T22:25:13 EDT" duration-ms="6364" status="PASS">
          <reporter-output>
          </reporter-output>
        </test-method> <!-- beforeMethod -->
        <test-method signature="loginWithEmptyPasswordTest()[pri:3, instance:tests.LoginTest@7dda48d9]" started-at="2022-09-24T22:25:13 EDT" name="loginWithEmptyPasswordTest" finished-at="2022-09-24T22:25:16 EDT" duration-ms="3644" status="PASS">
          <reporter-output>
          </reporter-output>
        </test-method> <!-- loginWithEmptyPasswordTest -->
        <test-method is-config="true" signature="afterMethod()[pri:0, instance:tests.LoginTest@7dda48d9]" started-at="2022-09-24T22:25:16 EDT" name="afterMethod" finished-at="2022-09-24T22:25:17 EDT" duration-ms="878" status="PASS">
          <reporter-output>
          </reporter-output>
        </test-method> <!-- afterMethod -->
        <test-method is-config="true" signature="beforeMethod()[pri:0, instance:tests.LoginTest@7dda48d9]" started-at="2022-09-24T22:25:17 EDT" name="beforeMethod" finished-at="2022-09-24T22:25:24 EDT" duration-ms="6808" status="PASS">
          <reporter-output>
          </reporter-output>
        </test-method> <!-- beforeMethod -->
        <test-method signature="wrongEmailAndPasswordTest()[pri:4, instance:tests.LoginTest@7dda48d9]" started-at="2022-09-24T22:25:24 EDT" name="wrongEmailAndPasswordTest" finished-at="2022-09-24T22:25:28 EDT" duration-ms="3728" status="FAIL">
          <exception class="org.openqa.selenium.NoSuchElementException">
            <message>
              <![CDATA[Unable to locate element: #globalError
For documentation on this error, please visit: https://selenium.dev/exceptions/#no_such_element
Build info: version: '4.3.0', revision: 'a4995e2c09*'
System info: host: 'SHYAMAL', ip: '10.0.0.88', os.name: 'Windows 10', os.arch: 'amd64', os.version: '10.0', java.version: '15.0.1'
Driver info: org.openqa.selenium.firefox.FirefoxDriver
Command: [01373a84-c5f1-45f1-a8fb-5f5e7b392cd2, findElement {using=id, value=globalError}]
Capabilities {acceptInsecureCerts: true, browserName: firefox, browserVersion: 105.0.1, moz:accessibilityChecks: false, moz:buildID: 20220922151854, moz:debuggerAddress: 127.0.0.1:62468, moz:geckodriverVersion: 0.31.0, moz:headless: false, moz:platformVersion: 10.0, moz:processID: 14936, moz:profile: C:\Users\sdabh\AppData\Loca..., moz:shutdownTimeout: 60000, moz:useNonSpecCompliantPointerOrigin: false, moz:webdriverClick: true, moz:windowless: false, pageLoadStrategy: normal, platformName: WINDOWS, proxy: Proxy(), se:cdp: ws://127.0.0.1:62468/devtoo..., se:cdpVersion: 85.0, setWindowRect: true, strictFileInteractability: false, timeouts: {implicit: 0, pageLoad: 300000, script: 30000}, unhandledPromptBehavior: dismiss and notify}
Session ID: 01373a84-c5f1-45f1-a8fb-5f5e7b392cd2]]>
            </message>
            <full-stacktrace>
              <![CDATA[org.openqa.selenium.NoSuchElementException: Unable to locate element: #globalError
For documentation on this error, please visit: https://selenium.dev/exceptions/#no_such_element
Build info: version: '4.3.0', revision: 'a4995e2c09*'
System info: host: 'SHYAMAL', ip: '10.0.0.88', os.name: 'Windows 10', os.arch: 'amd64', os.version: '10.0', java.version: '15.0.1'
Driver info: org.openqa.selenium.firefox.FirefoxDriver
Command: [01373a84-c5f1-45f1-a8fb-5f5e7b392cd2, findElement {using=id, value=globalError}]
Capabilities {acceptInsecureCerts: true, browserName: firefox, browserVersion: 105.0.1, moz:accessibilityChecks: false, moz:buildID: 20220922151854, moz:debuggerAddress: 127.0.0.1:62468, moz:geckodriverVersion: 0.31.0, moz:headless: false, moz:platformVersion: 10.0, moz:processID: 14936, moz:profile: C:\Users\sdabh\AppData\Loca..., moz:shutdownTimeout: 60000, moz:useNonSpecCompliantPointerOrigin: false, moz:webdriverClick: true, moz:windowless: false, pageLoadStrategy: normal, platformName: WINDOWS, proxy: Proxy(), se:cdp: ws://127.0.0.1:62468/devtoo..., se:cdpVersion: 85.0, setWindowRect: true, strictFileInteractability: false, timeouts: {implicit: 0, pageLoad: 300000, script: 30000}, unhandledPromptBehavior: dismiss and notify}
Session ID: 01373a84-c5f1-45f1-a8fb-5f5e7b392cd2
at java.base/jdk.internal.reflect.NativeConstructorAccessorImpl.newInstance0(Native Method)
at java.base/jdk.internal.reflect.NativeConstructorAccessorImpl.newInstance(NativeConstructorAccessorImpl.java:64)
at java.base/jdk.internal.reflect.DelegatingConstructorAccessorImpl.newInstance(DelegatingConstructorAccessorImpl.java:45)
at java.base/java.lang.reflect.Constructor.newInstanceWithCaller(Constructor.java:500)
at java.base/java.lang.reflect.Constructor.newInstance(Constructor.java:481)
at org.openqa.selenium.remote.codec.w3c.W3CHttpResponseCodec.createException(W3CHttpResponseCodec.java:200)
at org.openqa.selenium.remote.codec.w3c.W3CHttpResponseCodec.decode(W3CHttpResponseCodec.java:133)
at org.openqa.selenium.remote.codec.w3c.W3CHttpResponseCodec.decode(W3CHttpResponseCodec.java:53)
at org.openqa.selenium.remote.HttpCommandExecutor.execute(HttpCommandExecutor.java:184)
at org.openqa.selenium.remote.service.DriverCommandExecutor.invokeExecute(DriverCommandExecutor.java:167)
at org.openqa.selenium.remote.service.DriverCommandExecutor.execute(DriverCommandExecutor.java:142)
at org.openqa.selenium.remote.RemoteWebDriver.execute(RemoteWebDriver.java:569)
at org.openqa.selenium.remote.ElementLocation$ElementFinder$2.findElement(ElementLocation.java:162)
at org.openqa.selenium.remote.ElementLocation.findElement(ElementLocation.java:60)
at org.openqa.selenium.remote.RemoteWebDriver.findElement(RemoteWebDriver.java:387)
at org.openqa.selenium.remote.RemoteWebDriver.findElement(RemoteWebDriver.java:379)
at org.openqa.selenium.support.pagefactory.DefaultElementLocator.findElement(DefaultElementLocator.java:70)
at org.openqa.selenium.support.pagefactory.internal.LocatingElementHandler.invoke(LocatingElementHandler.java:39)
at com.sun.proxy.$Proxy16.getText(Unknown Source)
at pages.LoginPage.readGlobalErr(LoginPage.java:95)
at tests.LoginTest.wrongEmailAndPasswordTest(LoginTest.java:52)
at java.base/jdk.internal.reflect.NativeMethodAccessorImpl.invoke0(Native Method)
at java.base/jdk.internal.reflect.NativeMethodAccessorImpl.invoke(NativeMethodAccessorImpl.java:64)
at java.base/jdk.internal.reflect.DelegatingMethodAccessorImpl.invoke(DelegatingMethodAccessorImpl.java:43)
at java.base/java.lang.reflect.Method.invoke(Method.java:564)
at org.testng.internal.MethodInvocationHelper.invokeMethod(MethodInvocationHelper.java:133)
at org.testng.internal.TestInvoker.invokeMethod(TestInvoker.java:598)
at org.testng.internal.TestInvoker.invokeTestMethod(TestInvoker.java:173)
at org.testng.internal.MethodRunner.runInSequence(MethodRunner.java:46)
at org.testng.internal.TestInvoker$MethodInvocationAgent.invoke(TestInvoker.java:824)
at org.testng.internal.TestInvoker.invokeTestMethods(TestInvoker.java:146)
at org.testng.internal.TestMethodWorker.invokeTestMethods(TestMethodWorker.java:146)
at org.testng.internal.TestMethodWorker.run(TestMethodWorker.java:128)
at java.base/java.util.ArrayList.forEach(ArrayList.java:1511)
at org.testng.TestRunner.privateRun(TestRunner.java:794)
at org.testng.TestRunner.run(TestRunner.java:596)
at org.testng.SuiteRunner.runTest(SuiteRunner.java:377)
at org.testng.SuiteRunner.runSequentially(SuiteRunner.java:371)
at org.testng.SuiteRunner.privateRun(SuiteRunner.java:332)
at org.testng.SuiteRunner.run(SuiteRunner.java:276)
at org.testng.SuiteRunnerWorker.runSuite(SuiteRunnerWorker.java:53)
at org.testng.SuiteRunnerWorker.run(SuiteRunnerWorker.java:96)
at org.testng.TestNG.runSuitesSequentially(TestNG.java:1212)
at org.testng.TestNG.runSuitesLocally(TestNG.java:1134)
at org.testng.TestNG.runSuites(TestNG.java:1063)
at org.testng.TestNG.run(TestNG.java:1031)
at org.testng.remote.AbstractRemoteTestNG.run(AbstractRemoteTestNG.java:115)
at org.testng.remote.RemoteTestNG.initAndRun(RemoteTestNG.java:251)
at org.testng.remote.RemoteTestNG.main(RemoteTestNG.java:77)
]]>
            </full-stacktrace>
          </exception> <!-- org.openqa.selenium.NoSuchElementException -->
          <reporter-output>
          </reporter-output>
        </test-method> <!-- wrongEmailAndPasswordTest -->
        <test-method is-config="true" signature="afterMethod()[pri:0, instance:tests.LoginTest@7dda48d9]" started-at="2022-09-24T22:25:28 EDT" name="afterMethod" finished-at="2022-09-24T22:25:29 EDT" duration-ms="897" status="PASS">
          <reporter-output>
          </reporter-output>
        </test-method> <!-- afterMethod -->
      </class> <!-- tests.LoginTest -->
    </test> <!-- Default test -->
  </suite> <!-- Default suite -->
</testng-results>
