<?xml version="1.0" encoding="UTF-8"?>
<!-- Generated by org.testng.reporters.JUnitXMLReporter -->
<testsuite hostname="DESKTOP-FQKEHJ9" ignored="0" name="Amazon Suite" tests="9" failures="0" timestamp="19 Dec 2019 21:34:07 GMT" time="20.554" errors="0">
  <testcase name="productSearch" time="4.087" classname="com.qa.testcases.AmazonPageTest"/>
  <testcase name="productSearchButtonClick" time="2.311" classname="com.qa.testcases.AmazonPageTest"/>
  <testcase name="firstItemClick" time="0.243" classname="com.qa.testcases.AmazonPageTest"/>
  <testcase name="readProductRateinAmazon" time="0.156" classname="com.qa.testcases.AmazonPageTest"/>
  <testcase name="moveToFlipkart" time="0.004" classname="com.qa.testcases.AmazonPageTest"/>
  <testcase name="enterProductNameToSearchInFlikart" time="8.401" classname="com.qa.testcases.FlipkartPageTest"/>
  <testcase name="productSearchButtonClickInFlipkart" time="0.12" classname="com.qa.testcases.FlipkartPageTest"/>
  <testcase name="readProductRateInFlipkart" time="5.107" classname="com.qa.testcases.FlipkartPageTest"/>
  <testcase name="compareRatesAndRultDisplay" time="0.0" classname="com.qa.testcases.FlipkartPageTest"/>
</testsuite> <!-- Amazon Suite -->
