-------------------------------------------------------------------------------
Test set: TestSuite
-------------------------------------------------------------------------------
Tests run: 9, Failures: 1, Errors: 0, Skipped: 2, Time elapsed: 0.381 sec <<< FAILURE! - in TestSuite
createUser(tests.Testing3)  Time elapsed: 0.012 sec  <<< FAILURE!
java.lang.AssertionError: Verify Element expected [true] but found [false]
	at tests.Testing3.createUser(Testing3.java:15)

