<?xml version="1.0" encoding="UTF-8"?>
<testsuite xmlns:xsi="http://www.w3.org/2001/XMLSchema-instance" xsi:schemaLocation="https://maven.apache.org/surefire/maven-surefire-plugin/xsd/surefire-test-report.xsd" name="TestSuite" time="0.381" tests="9" errors="0" skipped="2" failures="1">
  <properties>
[...]
</properties>
  <testcase name="Test1" classname="tests.Testing1" time="0.001"/>
  <testcase name="Test2" classname="tests.Testing1" time="0"/>
  <testcase name="abc" classname="tests.Testing1" time="0.001"/>
  <testcase name="abc" classname="tests.Testing1" time="0"/>
  <testcase name="test3" classname="tests.Testing2" time="0"/>
  <testcase name="test4" classname="tests.Testing2" time="0"/>
  <testcase name="createUser" classname="tests.Testing3" time="0.012">
    <failure message="Verify Element expected [true] but found [false]" type="java.lang.AssertionError">java.lang.AssertionError: Verify Element expected [true] but found [false]
	at tests.Testing3.createUser(Testing3.java:15)
</failure>
    <system-out><![CDATA[I am in home test
Before Assertion
]]></system-out>
  </testcase>
  <testcase name="editUser" classname="tests.Testing3" time="0">
    <skipped message="Method Testing3.editUser()[pri:2, instance:tests.Testing3@6b9651f3] depends on not successfully finished methods"/>
  </testcase>
  <testcase name="deleteUser" classname="tests.Testing3" time="0">
    <skipped message="Method Testing3.deleteUser()[pri:3, instance:tests.Testing3@6b9651f3] depends on not successfully finished methods"/>
  </testcase>
</testsuite>