<?xml version="1.0" encoding="UTF-8"?>
<testng-results skipped="0" failed="0" ignored="0" total="9" passed="9">
  <reporter-output>
  </reporter-output>
  <suite name="Amazon Suite" duration-ms="20554" started-at="2019-12-19T21:33:46Z" finished-at="2019-12-19T21:34:07Z">
    <groups>
    </groups>
    <test name="Amazon Suite" duration-ms="20554" started-at="2019-12-19T21:33:46Z" finished-at="2019-12-19T21:34:07Z">
      <class name="com.qa.testcases.FlipkartPageTest">
        <test-method status="PASS" signature="setup()[pri:0, instance:com.qa.testcases.FlipkartPageTest@75437611]" name="setup" is-config="true" duration-ms="0" started-at="2019-12-20T03:03:53Z" finished-at="2019-12-20T03:03:53Z">
          <reporter-output>
          </reporter-output>
        </test-method> <!-- setup -->
        <test-method status="PASS" signature="enterProductNameToSearchInFlikart()[pri:6, instance:com.qa.testcases.FlipkartPageTest@75437611]" name="enterProductNameToSearchInFlikart" duration-ms="8401" started-at="2019-12-20T03:03:53Z" finished-at="2019-12-20T03:04:02Z">
          <reporter-output>
          </reporter-output>
        </test-method> <!-- enterProductNameToSearchInFlikart -->
        <test-method status="PASS" signature="setup()[pri:0, instance:com.qa.testcases.FlipkartPageTest@75437611]" name="setup" is-config="true" duration-ms="0" started-at="2019-12-20T03:04:02Z" finished-at="2019-12-20T03:04:02Z">
          <reporter-output>
          </reporter-output>
        </test-method> <!-- setup -->
        <test-method status="PASS" signature="productSearchButtonClickInFlipkart()[pri:7, instance:com.qa.testcases.FlipkartPageTest@75437611]" name="productSearchButtonClickInFlipkart" duration-ms="120" started-at="2019-12-20T03:04:02Z" finished-at="2019-12-20T03:04:02Z">
          <reporter-output>
          </reporter-output>
        </test-method> <!-- productSearchButtonClickInFlipkart -->
        <test-method status="PASS" signature="readProductRateInFlipkart()[pri:8, instance:com.qa.testcases.FlipkartPageTest@75437611]" name="readProductRateInFlipkart" duration-ms="5107" started-at="2019-12-20T03:04:02Z" finished-at="2019-12-20T03:04:07Z">
          <reporter-output>
          </reporter-output>
        </test-method> <!-- readProductRateInFlipkart -->
        <test-method status="PASS" signature="setup()[pri:0, instance:com.qa.testcases.FlipkartPageTest@75437611]" name="setup" is-config="true" duration-ms="0" started-at="2019-12-20T03:04:02Z" finished-at="2019-12-20T03:04:02Z">
          <reporter-output>
          </reporter-output>
        </test-method> <!-- setup -->
        <test-method status="PASS" signature="setup()[pri:0, instance:com.qa.testcases.FlipkartPageTest@75437611]" name="setup" is-config="true" duration-ms="0" started-at="2019-12-20T03:04:07Z" finished-at="2019-12-20T03:04:07Z">
          <reporter-output>
          </reporter-output>
        </test-method> <!-- setup -->
        <test-method status="PASS" signature="compareRatesAndRultDisplay()[pri:9, instance:com.qa.testcases.FlipkartPageTest@75437611]" name="compareRatesAndRultDisplay" duration-ms="0" started-at="2019-12-20T03:04:07Z" finished-at="2019-12-20T03:04:07Z">
          <reporter-output>
          </reporter-output>
        </test-method> <!-- compareRatesAndRultDisplay -->
      </class> <!-- com.qa.testcases.FlipkartPageTest -->
      <class name="com.qa.testcases.AmazonPageTest">
        <test-method status="PASS" signature="setUp()[pri:0, instance:com.qa.testcases.AmazonPageTest@742ff096]" name="setUp" is-config="true" duration-ms="24" started-at="2019-12-20T03:03:46Z" finished-at="2019-12-20T03:03:46Z">
          <reporter-output>
          </reporter-output>
        </test-method> <!-- setUp -->
        <test-method status="PASS" signature="productSearch()[pri:1, instance:com.qa.testcases.AmazonPageTest@742ff096]" name="productSearch" duration-ms="4087" started-at="2019-12-20T03:03:46Z" finished-at="2019-12-20T03:03:50Z">
          <reporter-output>
          </reporter-output>
        </test-method> <!-- productSearch -->
        <test-method status="PASS" signature="setUp()[pri:0, instance:com.qa.testcases.AmazonPageTest@742ff096]" name="setUp" is-config="true" duration-ms="0" started-at="2019-12-20T03:03:50Z" finished-at="2019-12-20T03:03:50Z">
          <reporter-output>
          </reporter-output>
        </test-method> <!-- setUp -->
        <test-method status="PASS" signature="productSearchButtonClick()[pri:2, instance:com.qa.testcases.AmazonPageTest@742ff096]" name="productSearchButtonClick" duration-ms="2311" started-at="2019-12-20T03:03:50Z" finished-at="2019-12-20T03:03:53Z">
          <reporter-output>
          </reporter-output>
        </test-method> <!-- productSearchButtonClick -->
        <test-method status="PASS" signature="setUp()[pri:0, instance:com.qa.testcases.AmazonPageTest@742ff096]" name="setUp" is-config="true" duration-ms="0" started-at="2019-12-20T03:03:53Z" finished-at="2019-12-20T03:03:53Z">
          <reporter-output>
          </reporter-output>
        </test-method> <!-- setUp -->
        <test-method status="PASS" signature="firstItemClick()[pri:3, instance:com.qa.testcases.AmazonPageTest@742ff096]" name="firstItemClick" duration-ms="243" started-at="2019-12-20T03:03:53Z" finished-at="2019-12-20T03:03:53Z">
          <reporter-output>
          </reporter-output>
        </test-method> <!-- firstItemClick -->
        <test-method status="PASS" signature="setUp()[pri:0, instance:com.qa.testcases.AmazonPageTest@742ff096]" name="setUp" is-config="true" duration-ms="0" started-at="2019-12-20T03:03:53Z" finished-at="2019-12-20T03:03:53Z">
          <reporter-output>
          </reporter-output>
        </test-method> <!-- setUp -->
        <test-method status="PASS" signature="readProductRateinAmazon()[pri:4, instance:com.qa.testcases.AmazonPageTest@742ff096]" name="readProductRateinAmazon" duration-ms="156" started-at="2019-12-20T03:03:53Z" finished-at="2019-12-20T03:03:53Z">
          <reporter-output>
          </reporter-output>
        </test-method> <!-- readProductRateinAmazon -->
        <test-method status="PASS" signature="setUp()[pri:0, instance:com.qa.testcases.AmazonPageTest@742ff096]" name="setUp" is-config="true" duration-ms="0" started-at="2019-12-20T03:03:53Z" finished-at="2019-12-20T03:03:53Z">
          <reporter-output>
          </reporter-output>
        </test-method> <!-- setUp -->
        <test-method status="PASS" signature="moveToFlipkart()[pri:5, instance:com.qa.testcases.AmazonPageTest@742ff096]" name="moveToFlipkart" duration-ms="4" started-at="2019-12-20T03:03:53Z" finished-at="2019-12-20T03:03:53Z">
          <reporter-output>
          </reporter-output>
        </test-method> <!-- moveToFlipkart -->
      </class> <!-- com.qa.testcases.AmazonPageTest -->
    </test> <!-- Amazon Suite -->
  </suite> <!-- Amazon Suite -->
</testng-results>
